<?xml version="1.0" encoding="UTF-8"?>
<!-- Generated by org.testng.reporters.JUnitXMLReporter -->
<testsuite hostname="LAPTOP-64B6IR7R" name="smoke" tests="5" failures="0" timestamp="28 May 2020 02:19:45 GMT" time="8.456" errors="0">
  <testcase name="adminLogin" time="8.432" classname="com.narayan.Testng.AdminLoginTest"/>
  <testcase name="Method1" time="0.0" classname="com.narayan.Testng.AnnotationTest"/>
  <testcase name="Method2" time="0.0" classname="com.narayan.Testng.AnnotationTest"/>
  <testcase name="Method3" time="0.001" classname="com.narayan.Testng.AnnotationTest1"/>
  <testcase name="Method4" time="0.001" classname="com.narayan.Testng.AnnotationTest1"/>
</testsuite> <!-- smoke -->
